<?xml version="1.0" encoding="UTF-8"?>
<testng-results ignored="0" total="1" passed="1" failed="0" skipped="0">
  <reporter-output>
    <line>
      <![CDATA[Database Connected]]>
    </line>
    <line>
      <![CDATA[Browser launch successfully]]>
    </line>
    <line>
      <![CDATA[logged in successfully]]>
    </line>
    <line>
      <![CDATA[Logout successfully]]>
    </line>
    <line>
      <![CDATA[browser closed successfully]]>
    </line>
  </reporter-output>
  <suite started-at="2023-09-29T11:28:16 IST" name="Default suite" finished-at="2023-09-29T11:28:41 IST" duration-ms="24575">
    <groups>
    </groups>
    <test started-at="2023-09-29T11:28:16 IST" name="Default test" finished-at="2023-09-29T11:28:41 IST" duration-ms="24575">
      <class name="Com.Actitime_project.TestScript.createcust">
        <test-method is-config="true" signature="databaseconnection()[pri:0, instance:Com.Actitime_project.TestScript.createcust@6f10d5b6]" started-at="2023-09-29T11:28:16 IST" name="databaseconnection" finished-at="2023-09-29T11:28:16 IST" duration-ms="13" status="PASS">
          <reporter-output>
            <line>
              <![CDATA[Database Connected]]>
            </line>
          </reporter-output>
        </test-method> <!-- databaseconnection -->
        <test-method is-config="true" signature="launchbrowser()[pri:0, instance:Com.Actitime_project.TestScript.createcust@6f10d5b6]" started-at="2023-09-29T11:28:16 IST" name="launchbrowser" finished-at="2023-09-29T11:28:26 IST" duration-ms="9556" status="PASS">
          <reporter-output>
            <line>
              <![CDATA[Browser launch successfully]]>
            </line>
          </reporter-output>
        </test-method> <!-- launchbrowser -->
        <test-method is-config="true" signature="LoginActitime()[pri:0, instance:Com.Actitime_project.TestScript.createcust@6f10d5b6]" started-at="2023-09-29T11:28:26 IST" name="LoginActitime" finished-at="2023-09-29T11:28:26 IST" duration-ms="242" status="PASS">
          <reporter-output>
            <line>
              <![CDATA[logged in successfully]]>
            </line>
          </reporter-output>
        </test-method> <!-- LoginActitime -->
        <test-method signature="createcustomer()[pri:0, instance:Com.Actitime_project.TestScript.createcust@6f10d5b6]" started-at="2023-09-29T11:28:26 IST" name="createcustomer" finished-at="2023-09-29T11:28:37 IST" duration-ms="11415" status="PASS">
          <reporter-output>
          </reporter-output>
        </test-method> <!-- createcustomer -->
        <test-method is-config="true" signature="logoutactitime()[pri:0, instance:Com.Actitime_project.TestScript.createcust@6f10d5b6]" started-at="2023-09-29T11:28:37 IST" name="logoutactitime" finished-at="2023-09-29T11:28:41 IST" duration-ms="3133" status="PASS">
          <reporter-output>
            <line>
              <![CDATA[Logout successfully]]>
            </line>
          </reporter-output>
        </test-method> <!-- logoutactitime -->
        <test-method is-config="true" signature="closebrowser()[pri:0, instance:Com.Actitime_project.TestScript.createcust@6f10d5b6]" started-at="2023-09-29T11:28:41 IST" name="closebrowser" finished-at="2023-09-29T11:28:41 IST" duration-ms="169" status="PASS">
          <reporter-output>
            <line>
              <![CDATA[browser closed successfully]]>
            </line>
          </reporter-output>
        </test-method> <!-- closebrowser -->
      </class> <!-- Com.Actitime_project.TestScript.createcust -->
    </test> <!-- Default test -->
  </suite> <!-- Default suite -->
</testng-results>
